<?xml version="1.0" encoding="UTF-8"?>
<!-- Generated by org.testng.reporters.JUnitReportReporter -->
<testsuite hostname="User-PC" failures="0" tests="1" name="rough.TestLogin2" time="30.140" errors="0" timestamp="17 сент. 2019 12:19:53 GMT" skipped="0">
  <testcase classname="rough.TestLogin2" name="doLogin" time="30.140"/>
</testsuite> <!-- rough.TestLogin2 -->
