<?xml version="1.0" encoding="UTF-8"?>
<!-- Generated by org.testng.reporters.JUnitReportReporter -->
<testsuite hostname="User-PC" failures="0" tests="2" name="rough.TestLogin" time="45.638" errors="0" timestamp="17 сент. 2019 12:19:53 GMT" skipped="0">
  <testcase classname="rough.TestLogin" name="doLogin" time="16.417"/>
  <testcase classname="rough.TestLogin" name="doLogin" time="29.221"/>
</testsuite> <!-- rough.TestLogin -->
